c:\users\christos\documents\cpp guide\guide\guide\x64\debug\vc143.pdb
c:\users\christos\documents\cpp guide\guide\guide\x64\debug\vc143.idb
c:\users\christos\documents\cpp guide\guide\guide\x64\debug\guide.obj
c:\users\christos\documents\cpp guide\guide\guide\x64\debug\computercomponents.obj
c:\users\christos\documents\cpp guide\guide\x64\debug\guide.exe
c:\users\christos\documents\cpp guide\guide\x64\debug\guide.pdb
c:\users\assas\documents\my projects\guide\guide\x64\debug\computercomponents.obj
c:\users\assas\documents\my projects\guide\guide\x64\debug\guide.obj
c:\users\assas\documents\my projects\guide\guide\x64\debug\computercomponents.obj.enc
c:\users\assas\documents\my projects\guide\guide\x64\debug\guide.obj.enc
c:\users\assas\documents\my projects\guide\guide\x64\debug\guide.ilk
c:\users\assas\documents\my projects\guide\guide\x64\debug\vc143.idb
c:\users\assas\documents\my projects\guide\guide\x64\debug\vc143.pdb
c:\users\assas\documents\my projects\guide\x64\debug\guide.pdb
c:\users\assas\documents\my projects\guide\x64\debug\guide.exe
c:\users\assas\documents\my projects\guide\guide\x64\debug\guide.tlog\cl.command.1.tlog
c:\users\assas\documents\my projects\guide\guide\x64\debug\guide.tlog\cl.items.tlog
c:\users\assas\documents\my projects\guide\guide\x64\debug\guide.tlog\cl.read.1.tlog
c:\users\assas\documents\my projects\guide\guide\x64\debug\guide.tlog\cl.write.1.tlog
c:\users\assas\documents\my projects\guide\guide\x64\debug\guide.tlog\link.command.1.tlog
c:\users\assas\documents\my projects\guide\guide\x64\debug\guide.tlog\link.read.1.tlog
c:\users\assas\documents\my projects\guide\guide\x64\debug\guide.tlog\link.secondary.1.tlog
c:\users\assas\documents\my projects\guide\guide\x64\debug\guide.tlog\link.write.1.tlog
